<?xml version="1.0" encoding="UTF-8" ?>
<testsuite failures="0" time="1.623" errors="0" skipped="0" tests="25" name="de.devsurf.injection.guice.scanner.reflections.tests.AllTests">
  <properties>
[...]
</properties>
  <testcase time="0.623" classname="de.devsurf.injection.guice.scanner.reflections.tests.autobind.AutobindTests" name="createDynamicModule"/>
  <testcase time="0.045" classname="de.devsurf.injection.guice.scanner.reflections.tests.autobind.AutobindTests" name="testWithWrongPackage"/>
  <testcase time="0.038" classname="de.devsurf.injection.guice.scanner.reflections.tests.autobind.AutobindTests" name="createTestInterface"/>
  <testcase time="0.038" classname="de.devsurf.injection.guice.scanner.reflections.tests.autobind.AutobindTests" name="createSecondTestInterface"/>
  <testcase time="0.038" classname="de.devsurf.injection.guice.scanner.reflections.tests.autobind.AutobindTests" name="createAllInterfaces"/>
  <testcase time="0.041" classname="de.devsurf.injection.guice.scanner.reflections.tests.autobind.bind.InterfaceAutobindTests" name="createDynamicModule"/>
  <testcase time="0.034" classname="de.devsurf.injection.guice.scanner.reflections.tests.autobind.bind.InterfaceAutobindTests" name="testWithWrongPackage"/>
  <testcase time="0.034" classname="de.devsurf.injection.guice.scanner.reflections.tests.autobind.bind.InterfaceAutobindTests" name="createTestInterface"/>
  <testcase time="0.035" classname="de.devsurf.injection.guice.scanner.reflections.tests.autobind.bind.InterfaceAutobindTests" name="createSecondTestInterface"/>
  <testcase time="0.041" classname="de.devsurf.injection.guice.scanner.reflections.tests.autobind.names.NamedAutobindTests" name="createDynamicModule"/>
  <testcase time="0.035" classname="de.devsurf.injection.guice.scanner.reflections.tests.autobind.names.NamedAutobindTests" name="testWithWrongPackage"/>
  <testcase time="0.034" classname="de.devsurf.injection.guice.scanner.reflections.tests.autobind.names.NamedAutobindTests" name="createTestInterface"/>
  <testcase time="0.031" classname="de.devsurf.injection.guice.scanner.reflections.tests.autobind.names.NamedAutobindTests" name="createSecondTestInterface"/>
  <testcase time="0.032" classname="de.devsurf.injection.guice.scanner.reflections.tests.autobind.names.NamedAutobindTests" name="createAllInterfaces"/>
  <testcase time="0.05" classname="de.devsurf.injection.guice.scanner.reflections.tests.autobind.multiple.MultibindTests" name="createDynamicModule"/>
  <testcase time="0.04" classname="de.devsurf.injection.guice.scanner.reflections.tests.autobind.multiple.MultibindTests" name="createSecondTestInterface"/>
  <testcase time="0.041" classname="de.devsurf.injection.guice.scanner.reflections.tests.autobind.multiple.MultibindTests" name="createAllInterfaces"/>
  <testcase time="0.033" classname="de.devsurf.injection.guice.scanner.reflections.tests.autobind.multiple.MultibindTests" name="testWithWrongPackage1"/>
  <testcase time="0.033" classname="de.devsurf.injection.guice.scanner.reflections.tests.autobind.multiple.MultibindTests" name="testWithWrongPackage2"/>
  <testcase time="0.031" classname="de.devsurf.injection.guice.scanner.reflections.tests.autobind.multiple.MultibindTests" name="createFirstContainer"/>
  <testcase time="0.041" classname="de.devsurf.injection.guice.scanner.reflections.tests.autobind.filter.PackageFilterTests" name="createDynamicModule"/>
  <testcase time="0.03" classname="de.devsurf.injection.guice.scanner.reflections.tests.autobind.filter.PackageFilterTests" name="testWithWrongPackage"/>
  <testcase time="0.032" classname="de.devsurf.injection.guice.scanner.reflections.tests.autobind.filter.PackageFilterTests" name="createTestInterface"/>
  <testcase time="0.032" classname="de.devsurf.injection.guice.scanner.reflections.tests.autobind.filter.PackageFilterTests" name="createSecondTestInterface"/>
  <testcase time="0.033" classname="de.devsurf.injection.guice.scanner.reflections.tests.autobind.filter.PackageFilterTests" name="createAllInterfaces"/>
</testsuite>