<?xml version="1.0" encoding="UTF-8" ?>
<testsuite failures="0" time="1.23" errors="0" skipped="0" tests="6" name="de.devsurf.injection.guice.integrations.test.commons.configuration.AllTests">
  <properties>
[...]
</properties>
  <testcase time="0.588" classname="de.devsurf.injection.guice.integrations.test.commons.configuration.classpath.ClasspathConfigTests" name="createDynamicModule"/>
  <testcase time="0.082" classname="de.devsurf.injection.guice.integrations.test.commons.configuration.classpath.ClasspathConfigTests" name="createPListConfiguration"/>
  <testcase time="0.074" classname="de.devsurf.injection.guice.integrations.test.commons.configuration.file.FileConfigTests" name="createDynamicModule"/>
  <testcase time="0.064" classname="de.devsurf.injection.guice.integrations.test.commons.configuration.file.FileConfigTests" name="createPListConfiguration"/>
  <testcase time="0.195" classname="de.devsurf.injection.guice.integrations.test.commons.configuration.url.URLConfigTests" name="createDynamicModule"/>
  <testcase time="0.101" classname="de.devsurf.injection.guice.integrations.test.commons.configuration.url.URLConfigTests" name="createPListConfiguration"/>
</testsuite>