<?xml version="1.0" encoding="UTF-8" ?>
<testsuite failures="0" time="10.208" errors="0" skipped="0" tests="25" name="de.devsurf.injection.guice.scanner.sonatype.tests.AllTests">
  <properties>
[...]
</properties>
  <testcase time="1.087" classname="de.devsurf.injection.guice.scanner.sonatype.tests.autobind.AutobindTests" name="createDynamicModule"/>
  <testcase time="0.408" classname="de.devsurf.injection.guice.scanner.sonatype.tests.autobind.AutobindTests" name="testWithWrongPackage"/>
  <testcase time="0.408" classname="de.devsurf.injection.guice.scanner.sonatype.tests.autobind.AutobindTests" name="createTestInterface"/>
  <testcase time="0.396" classname="de.devsurf.injection.guice.scanner.sonatype.tests.autobind.AutobindTests" name="createSecondTestInterface"/>
  <testcase time="0.399" classname="de.devsurf.injection.guice.scanner.sonatype.tests.autobind.AutobindTests" name="createAllInterfaces"/>
  <testcase time="0.404" classname="de.devsurf.injection.guice.scanner.sonatype.tests.autobind.bind.InterfaceAutobindTests" name="createDynamicModule"/>
  <testcase time="0.397" classname="de.devsurf.injection.guice.scanner.sonatype.tests.autobind.bind.InterfaceAutobindTests" name="testWithWrongPackage"/>
  <testcase time="0.388" classname="de.devsurf.injection.guice.scanner.sonatype.tests.autobind.bind.InterfaceAutobindTests" name="createTestInterface"/>
  <testcase time="0.361" classname="de.devsurf.injection.guice.scanner.sonatype.tests.autobind.bind.InterfaceAutobindTests" name="createSecondTestInterface"/>
  <testcase time="0.361" classname="de.devsurf.injection.guice.scanner.sonatype.tests.autobind.names.NamedAutobindTests" name="createDynamicModule"/>
  <testcase time="0.357" classname="de.devsurf.injection.guice.scanner.sonatype.tests.autobind.names.NamedAutobindTests" name="testWithWrongPackage"/>
  <testcase time="0.356" classname="de.devsurf.injection.guice.scanner.sonatype.tests.autobind.names.NamedAutobindTests" name="createTestInterface"/>
  <testcase time="0.356" classname="de.devsurf.injection.guice.scanner.sonatype.tests.autobind.names.NamedAutobindTests" name="createSecondTestInterface"/>
  <testcase time="0.358" classname="de.devsurf.injection.guice.scanner.sonatype.tests.autobind.names.NamedAutobindTests" name="createAllInterfaces"/>
  <testcase time="0.391" classname="de.devsurf.injection.guice.scanner.sonatype.tests.autobind.multiple.MultibindTests" name="createDynamicModule"/>
  <testcase time="0.375" classname="de.devsurf.injection.guice.scanner.sonatype.tests.autobind.multiple.MultibindTests" name="createSecondTestInterface"/>
  <testcase time="0.371" classname="de.devsurf.injection.guice.scanner.sonatype.tests.autobind.multiple.MultibindTests" name="createAllInterfaces"/>
  <testcase time="0.365" classname="de.devsurf.injection.guice.scanner.sonatype.tests.autobind.multiple.MultibindTests" name="testWithWrongPackage1"/>
  <testcase time="0.393" classname="de.devsurf.injection.guice.scanner.sonatype.tests.autobind.multiple.MultibindTests" name="testWithWrongPackage2"/>
  <testcase time="0.367" classname="de.devsurf.injection.guice.scanner.sonatype.tests.autobind.multiple.MultibindTests" name="createFirstContainer"/>
  <testcase time="0.362" classname="de.devsurf.injection.guice.scanner.sonatype.tests.autobind.filter.PackageFilterTests" name="createDynamicModule"/>
  <testcase time="0.359" classname="de.devsurf.injection.guice.scanner.sonatype.tests.autobind.filter.PackageFilterTests" name="testWithWrongPackage"/>
  <testcase time="0.355" classname="de.devsurf.injection.guice.scanner.sonatype.tests.autobind.filter.PackageFilterTests" name="createTestInterface"/>
  <testcase time="0.355" classname="de.devsurf.injection.guice.scanner.sonatype.tests.autobind.filter.PackageFilterTests" name="createSecondTestInterface"/>
  <testcase time="0.354" classname="de.devsurf.injection.guice.scanner.sonatype.tests.autobind.filter.PackageFilterTests" name="createAllInterfaces"/>
</testsuite>